Seed 1.0 [Oct  8 2014] - RNA secondary structure motif inference

Copyright (C) 2003-05 University of Ottawa
All Rights Reserved

This program is distributed under the terms of the
GNU General Public License. See the source code
for details.

[ find_all_stems ]
[ size of the motif list is 1 ]
[ filter_by_support ]
[ size of the motif list is 1 ]
[ filter_keep_longest_stems ]
[ size of the motif list is 1 ]
[ fix_all ]
[ size of the motif list is 64 ]
[ combine_all ]
[ done ]
[ size of the motif list is 64 ]
[ elapsed time 0 seconds ]
[ total number of match operations is 1792 ]
[ postprocess ]
[ size of the motif list is 64 ]
[ save_matches ]
